<?xml version="1.0" encoding="UTF-8"?>
<robot generator="Robot 6.0.2 (Python 3.11.3 on win32)" generated="20230629 22:15:50.025" rpa="false" schemaversion="3">
<suite id="s1" name="Login test" source="e:\QA\Automation\SwagLabs\TestCase\Login_test.robot">
<test id="s1-t1" name="User Login To Website" line="9">
<kw name="Open Web Browser SauceDemo" library="Resources" type="SETUP">
<kw name="Open Browser" library="SeleniumLibrary">
<arg>${URL_SAUCE_DEMO}</arg>
<arg>${Browser}</arg>
<doc>Opens a new browser instance to the optional ``url``.</doc>
<msg timestamp="20230629 22:15:50.257" level="INFO">Opening browser 'Chrome' to base url 'https://www.saucedemo.com/'.</msg>
<msg timestamp="20230629 22:15:50.267" level="INFO">Executing: C:\Users\62812\AppData\Local\Programs\Python\Python311\Lib\site-packages\selenium\webdriver\common\windows\selenium-manager.exe --browser chrome --output json</msg>
<status status="PASS" starttime="20230629 22:15:50.256" endtime="20230629 22:15:52.350"/>
</kw>
<kw name="Set Selenium Speed" library="SeleniumLibrary">
<arg>1s</arg>
<doc>Sets the delay that is waited after each Selenium command.</doc>
<status status="PASS" starttime="20230629 22:15:52.350" endtime="20230629 22:15:52.351"/>
</kw>
<kw name="Maximize Browser Window" library="SeleniumLibrary">
<doc>Maximizes current browser window.</doc>
<status status="PASS" starttime="20230629 22:15:52.351" endtime="20230629 22:15:53.477"/>
</kw>
<status status="PASS" starttime="20230629 22:15:50.256" endtime="20230629 22:15:53.477"/>
</kw>
<kw name="Given User Go To Login Page" library="Login_step">
<kw name="On login page" library="Login_object">
<kw name="Wait Until Element Is Visible" library="SeleniumLibrary">
<arg>${FIELD_USERNAME}</arg>
<arg>2s</arg>
<doc>Waits until the element ``locator`` is visible.</doc>
<status status="PASS" starttime="20230629 22:15:53.478" endtime="20230629 22:15:55.500"/>
</kw>
<kw name="Wait Until Element Is Visible" library="SeleniumLibrary">
<arg>${FIELD_PASSWORD}</arg>
<arg>2s</arg>
<doc>Waits until the element ``locator`` is visible.</doc>
<status status="PASS" starttime="20230629 22:15:55.500" endtime="20230629 22:15:57.523"/>
</kw>
<kw name="Page Should Contain Element" library="SeleniumLibrary">
<arg>${FIELD_USERNAME}</arg>
<doc>Verifies that element ``locator`` is found on the current page.</doc>
<msg timestamp="20230629 22:15:58.535" level="INFO">Current page contains element 'xpath=//input[@id='user-name']'.</msg>
<status status="PASS" starttime="20230629 22:15:57.523" endtime="20230629 22:15:58.535"/>
</kw>
<kw name="Page Should Contain Element" library="SeleniumLibrary">
<arg>${FIELD_PASSWORD}</arg>
<doc>Verifies that element ``locator`` is found on the current page.</doc>
<msg timestamp="20230629 22:15:59.547" level="INFO">Current page contains element 'xpath=//input[@id='password']'.</msg>
<status status="PASS" starttime="20230629 22:15:58.535" endtime="20230629 22:15:59.547"/>
</kw>
<status status="PASS" starttime="20230629 22:15:53.477" endtime="20230629 22:15:59.547"/>
</kw>
<status status="PASS" starttime="20230629 22:15:53.477" endtime="20230629 22:15:59.547"/>
</kw>
<kw name="When User Login as Standart User" library="Login_step">
<kw name="Input username standart" library="Login_object">
<kw name="Input Text" library="SeleniumLibrary">
<arg>${FIELD_USERNAME}</arg>
<arg>${USERNAME_STANDART}</arg>
<doc>Types the given ``text`` into the text field identified by ``locator``.</doc>
<msg timestamp="20230629 22:15:59.549" level="INFO">Typing text 'standard_user' into text field 'xpath=//input[@id='user-name']'.</msg>
<status status="PASS" starttime="20230629 22:15:59.549" endtime="20230629 22:16:02.654"/>
</kw>
<status status="PASS" starttime="20230629 22:15:59.549" endtime="20230629 22:16:02.654"/>
</kw>
<kw name="Input password" library="Login_object">
<kw name="Input Text" library="SeleniumLibrary">
<arg>${FIELD_PASSWORD}</arg>
<arg>${PASSWORD}</arg>
<doc>Types the given ``text`` into the text field identified by ``locator``.</doc>
<msg timestamp="20230629 22:16:02.656" level="INFO">Typing text 'secret_sauce' into text field 'xpath=//input[@id='password']'.</msg>
<status status="PASS" starttime="20230629 22:16:02.654" endtime="20230629 22:16:05.742"/>
</kw>
<status status="PASS" starttime="20230629 22:16:02.654" endtime="20230629 22:16:05.742"/>
</kw>
<kw name="Click Button Login" library="Login_object">
<kw name="Click Element" library="SeleniumLibrary">
<arg>${BTN_LOGIN}</arg>
<doc>Click the element identified by ``locator``.</doc>
<msg timestamp="20230629 22:16:05.743" level="INFO">Clicking element 'xpath=//input[@id='login-button']'.</msg>
<status status="PASS" starttime="20230629 22:16:05.742" endtime="20230629 22:16:07.842"/>
</kw>
<status status="PASS" starttime="20230629 22:16:05.742" endtime="20230629 22:16:07.842"/>
</kw>
<status status="PASS" starttime="20230629 22:15:59.549" endtime="20230629 22:16:07.842"/>
</kw>
<kw name="Then User Succesfully Login as Standart User" library="Login_step">
<kw name="On homepage" library="Login_object">
<kw name="Page Should Contain Element" library="SeleniumLibrary">
<arg>${LOGO}</arg>
<doc>Verifies that element ``locator`` is found on the current page.</doc>
<msg timestamp="20230629 22:16:08.858" level="INFO">Current page contains element 'xpath=//div[@class='app_logo']'.</msg>
<status status="PASS" starttime="20230629 22:16:07.843" endtime="20230629 22:16:08.858"/>
</kw>
<status status="PASS" starttime="20230629 22:16:07.842" endtime="20230629 22:16:08.858"/>
</kw>
<status status="PASS" starttime="20230629 22:16:07.842" endtime="20230629 22:16:08.858"/>
</kw>
<kw name="Close Browser" library="SeleniumLibrary" type="TEARDOWN">
<doc>Closes the current browser.</doc>
<status status="PASS" starttime="20230629 22:16:08.859" endtime="20230629 22:16:11.997"/>
</kw>
<tag>Positive</tag>
<status status="PASS" starttime="20230629 22:15:50.255" endtime="20230629 22:16:11.997"/>
</test>
<status status="PASS" starttime="20230629 22:15:50.030" endtime="20230629 22:16:11.997"/>
</suite>
<statistics>
<total>
<stat pass="1" fail="0" skip="0">All Tests</stat>
</total>
<tag>
<stat pass="1" fail="0" skip="0">Positive</stat>
</tag>
<suite>
<stat pass="1" fail="0" skip="0" id="s1" name="Login test">Login test</stat>
</suite>
</statistics>
<errors>
</errors>
</robot>
