<?xml version="1.0" encoding="UTF-8"?>
<robot generator="Robot 6.0.1 (Python 3.10.6 on linux)" generated="20221217 10:25:22.292" rpa="false" schemaversion="3">
<suite id="s1" name="SwagLabs" source="/home/sann/Documents/Robot Framework/SwagLabs">
<suite id="s1-s1" name="TestCase" source="/home/sann/Documents/Robot Framework/SwagLabs/TestCase">
<suite id="s1-s1-s1" name="Login test" source="/home/sann/Documents/Robot Framework/SwagLabs/TestCase/Login_test.robot">
<test id="s1-s1-s1-t1" name="User Login To Website" line="9">
<kw name="Open Web Browser SauceDemo" library="Resources" type="SETUP">
<kw name="Open Browser" library="SeleniumLibrary">
<arg>${URL_SAUCE_DEMO}</arg>
<arg>${Browser}</arg>
<doc>Opens a new browser instance to the optional ``url``.</doc>
<msg timestamp="20221217 10:25:22.442" level="INFO">Opening browser 'Chrome' to base url 'https://www.saucedemo.com/'.</msg>
<status status="PASS" starttime="20221217 10:25:22.442" endtime="20221217 10:25:24.212"/>
</kw>
<kw name="Set Selenium Speed" library="SeleniumLibrary">
<arg>1s</arg>
<doc>Sets the delay that is waited after each Selenium command.</doc>
<status status="PASS" starttime="20221217 10:25:24.213" endtime="20221217 10:25:24.213"/>
</kw>
<kw name="Maximize Browser Window" library="SeleniumLibrary">
<doc>Maximizes current browser window.</doc>
<status status="PASS" starttime="20221217 10:25:24.213" endtime="20221217 10:25:25.317"/>
</kw>
<status status="PASS" starttime="20221217 10:25:22.441" endtime="20221217 10:25:25.318"/>
</kw>
<kw name="Given User Go To Login Page" library="Login_step">
<kw name="On login page" library="Login_object">
<kw name="Wait Until Element Is Visible" library="SeleniumLibrary">
<arg>${FIELD_USERNAME}</arg>
<arg>2s</arg>
<doc>Waits until the element ``locator`` is visible.</doc>
<status status="PASS" starttime="20221217 10:25:25.322" endtime="20221217 10:25:27.346"/>
</kw>
<kw name="Wait Until Element Is Visible" library="SeleniumLibrary">
<arg>${FIELD_PASSWORD}</arg>
<arg>2s</arg>
<doc>Waits until the element ``locator`` is visible.</doc>
<status status="PASS" starttime="20221217 10:25:27.346" endtime="20221217 10:25:29.367"/>
</kw>
<kw name="Page Should Contain Element" library="SeleniumLibrary">
<arg>${FIELD_USERNAME}</arg>
<doc>Verifies that element ``locator`` is found on the current page.</doc>
<msg timestamp="20221217 10:25:30.374" level="INFO">Current page contains element 'xpath=//input[@id='user-name']'.</msg>
<status status="PASS" starttime="20221217 10:25:29.368" endtime="20221217 10:25:30.374"/>
</kw>
<kw name="Page Should Contain Element" library="SeleniumLibrary">
<arg>${FIELD_PASSWORD}</arg>
<doc>Verifies that element ``locator`` is found on the current page.</doc>
<msg timestamp="20221217 10:25:31.382" level="INFO">Current page contains element 'xpath=//input[@id='password']'.</msg>
<status status="PASS" starttime="20221217 10:25:30.375" endtime="20221217 10:25:31.382"/>
</kw>
<status status="PASS" starttime="20221217 10:25:25.322" endtime="20221217 10:25:31.382"/>
</kw>
<status status="PASS" starttime="20221217 10:25:25.318" endtime="20221217 10:25:31.383"/>
</kw>
<kw name="When User Login as Standart User" library="Login_step">
<kw name="Input username standart" library="Login_object">
<kw name="Input Text" library="SeleniumLibrary">
<arg>${FIELD_USERNAME}</arg>
<arg>${USERNAME_STANDART}</arg>
<doc>Types the given ``text`` into the text field identified by ``locator``.</doc>
<msg timestamp="20221217 10:25:31.390" level="INFO">Typing text 'standard_user' into text field 'xpath=//input[@id='user-name']'.</msg>
<status status="PASS" starttime="20221217 10:25:31.390" endtime="20221217 10:25:34.462"/>
</kw>
<status status="PASS" starttime="20221217 10:25:31.389" endtime="20221217 10:25:34.462"/>
</kw>
<kw name="Input password" library="Login_object">
<kw name="Input Text" library="SeleniumLibrary">
<arg>${FIELD_PASSWORD}</arg>
<arg>${PASSWORD}</arg>
<doc>Types the given ``text`` into the text field identified by ``locator``.</doc>
<msg timestamp="20221217 10:25:34.464" level="INFO">Typing text 'secret_sauce' into text field 'xpath=//input[@id='password']'.</msg>
<status status="PASS" starttime="20221217 10:25:34.463" endtime="20221217 10:25:37.531"/>
</kw>
<status status="PASS" starttime="20221217 10:25:34.462" endtime="20221217 10:25:37.532"/>
</kw>
<kw name="Click Button Login" library="Login_object">
<kw name="Click Element" library="SeleniumLibrary">
<arg>${BTN_LOGIN}</arg>
<doc>Click the element identified by ``locator``.</doc>
<msg timestamp="20221217 10:25:37.533" level="INFO">Clicking element 'xpath=//input[@id='login-button']'.</msg>
<status status="PASS" starttime="20221217 10:25:37.533" endtime="20221217 10:25:39.610"/>
</kw>
<status status="PASS" starttime="20221217 10:25:37.532" endtime="20221217 10:25:39.610"/>
</kw>
<status status="PASS" starttime="20221217 10:25:31.386" endtime="20221217 10:25:39.610"/>
</kw>
<kw name="Then User Succesfully Login as Standart User" library="Login_step">
<kw name="On homepage" library="Login_object">
<kw name="Page Should Contain Element" library="SeleniumLibrary">
<arg>${LOGO}</arg>
<doc>Verifies that element ``locator`` is found on the current page.</doc>
<msg timestamp="20221217 10:25:40.625" level="INFO">Current page contains element 'xpath=//div[@class='peek']'.</msg>
<status status="PASS" starttime="20221217 10:25:39.616" endtime="20221217 10:25:40.626"/>
</kw>
<status status="PASS" starttime="20221217 10:25:39.616" endtime="20221217 10:25:40.626"/>
</kw>
<status status="PASS" starttime="20221217 10:25:39.613" endtime="20221217 10:25:40.626"/>
</kw>
<kw name="Close Browser" library="SeleniumLibrary" type="TEARDOWN">
<doc>Closes the current browser.</doc>
<status status="PASS" starttime="20221217 10:25:40.630" endtime="20221217 10:25:41.685"/>
</kw>
<tag>Positive</tag>
<status status="PASS" starttime="20221217 10:25:22.441" endtime="20221217 10:25:41.685"/>
</test>
<status status="PASS" starttime="20221217 10:25:22.316" endtime="20221217 10:25:41.687"/>
</suite>
<status status="PASS" starttime="20221217 10:25:22.315" endtime="20221217 10:25:41.688"/>
</suite>
<status status="PASS" starttime="20221217 10:25:22.295" endtime="20221217 10:25:41.689"/>
</suite>
<statistics>
<total>
<stat pass="1" fail="0" skip="0">All Tests</stat>
</total>
<tag>
<stat pass="1" fail="0" skip="0">Positive</stat>
</tag>
<suite>
<stat pass="1" fail="0" skip="0" id="s1" name="SwagLabs">SwagLabs</stat>
<stat pass="1" fail="0" skip="0" id="s1-s1" name="TestCase">SwagLabs.TestCase</stat>
<stat pass="1" fail="0" skip="0" id="s1-s1-s1" name="Login test">SwagLabs.TestCase.Login test</stat>
</suite>
</statistics>
<errors>
</errors>
</robot>
